Collecting package metadata (repodata.json): ...working... done
Solving environment: ...working... done
Preparing transaction: ...working... done
Verifying transaction: ...working... done
Executing transaction: ...working... done
Obtaining file:///Users/imanmuse/Code/ahl_health_apps_analysis
  Preparing metadata (setup.py): started
  Preparing metadata (setup.py): finished with status 'done'
Collecting numpy
  Using cached numpy-1.23.3-cp38-cp38-macosx_10_9_x86_64.whl (18.1 MB)
Collecting scipy
  Using cached scipy-1.9.1-cp38-cp38-macosx_12_0_universal2.macosx_10_9_x86_64.whl (58.1 MB)
Collecting pandas
  Using cached pandas-1.5.0-cp38-cp38-macosx_10_9_x86_64.whl (11.9 MB)
Collecting matplotlib
  Using cached matplotlib-3.6.0-cp38-cp38-macosx_10_12_x86_64.whl (7.3 MB)
Collecting altair
  Using cached altair-4.2.0-py3-none-any.whl (812 kB)
Collecting tqdm
  Using cached tqdm-4.64.1-py2.py3-none-any.whl (78 kB)
Collecting filelock
  Using cached filelock-3.8.0-py3-none-any.whl (10 kB)
Collecting typer
  Using cached typer-0.6.1-py3-none-any.whl (38 kB)
Collecting sh
  Using cached sh-1.14.3-py2.py3-none-any.whl
Collecting ipykernel
  Using cached ipykernel-6.16.0-py3-none-any.whl (138 kB)
Collecting jupytext
  Using cached jupytext-1.14.1-py3-none-any.whl (297 kB)
Collecting flake8
  Using cached flake8-5.0.4-py2.py3-none-any.whl (61 kB)
Collecting flake8-black
  Using cached flake8_black-0.3.3-py3-none-any.whl (9.4 kB)
Collecting flake8-import-order
  Using cached flake8_import_order-0.18.1-py2.py3-none-any.whl (15 kB)
Collecting flake8-bandit
  Using cached flake8_bandit-4.1.1-py3-none-any.whl (4.8 kB)
Collecting flake8-bugbear
  Using cached flake8_bugbear-22.9.23-py3-none-any.whl (22 kB)
Collecting black
  Using cached black-22.8.0-cp38-cp38-macosx_10_9_x86_64.whl (1.4 MB)
Collecting Sphinx
  Using cached sphinx-5.2.2-py3-none-any.whl (3.2 MB)
Collecting sphinxcontrib-napoleon
  Using cached sphinxcontrib_napoleon-0.7-py2.py3-none-any.whl (17 kB)
Collecting sphinx-rtd-theme
  Using cached sphinx_rtd_theme-1.0.0-py2.py3-none-any.whl (2.8 MB)
Collecting awscli
  Using cached awscli-1.25.83-py3-none-any.whl (3.9 MB)
Collecting pytest
  Using cached pytest-7.1.3-py3-none-any.whl (298 kB)
Collecting pre-commit
  Using cached pre_commit-2.20.0-py2.py3-none-any.whl (199 kB)
Collecting pre-commit-hooks
  Using cached pre_commit_hooks-4.3.0-py2.py3-none-any.whl (40 kB)
Collecting toolz
  Using cached toolz-0.12.0-py3-none-any.whl (55 kB)
Collecting jinja2
  Using cached Jinja2-3.1.2-py3-none-any.whl (133 kB)
Collecting entrypoints
  Using cached entrypoints-0.4-py3-none-any.whl (5.3 kB)
Collecting jsonschema>=3.0
  Using cached jsonschema-4.16.0-py3-none-any.whl (83 kB)
Collecting python-dateutil>=2.8.1
  Using cached python_dateutil-2.8.2-py2.py3-none-any.whl (247 kB)
Collecting pytz>=2020.1
  Using cached pytz-2022.2.1-py2.py3-none-any.whl (500 kB)
Collecting docutils<0.17,>=0.10
  Using cached docutils-0.16-py2.py3-none-any.whl (548 kB)
Collecting PyYAML<5.5,>=3.10
  Using cached PyYAML-5.4.1-cp38-cp38-macosx_10_9_x86_64.whl (253 kB)
Collecting s3transfer<0.7.0,>=0.6.0
  Using cached s3transfer-0.6.0-py3-none-any.whl (79 kB)
Collecting rsa<4.8,>=3.1.2
  Using cached rsa-4.7.2-py3-none-any.whl (34 kB)
Collecting colorama<0.4.5,>=0.2.5
  Using cached colorama-0.4.4-py2.py3-none-any.whl (16 kB)
Collecting botocore==1.27.82
  Using cached botocore-1.27.82-py3-none-any.whl (9.2 MB)
Collecting jmespath<2.0.0,>=0.7.1
  Using cached jmespath-1.0.1-py3-none-any.whl (20 kB)
Collecting urllib3<1.27,>=1.25.4
  Using cached urllib3-1.26.12-py2.py3-none-any.whl (140 kB)
Collecting click>=8.0.0
  Using cached click-8.1.3-py3-none-any.whl (96 kB)
Collecting tomli>=1.1.0
  Using cached tomli-2.0.1-py3-none-any.whl (12 kB)
Collecting platformdirs>=2
  Using cached platformdirs-2.5.2-py3-none-any.whl (14 kB)
Collecting mypy-extensions>=0.4.3
  Using cached mypy_extensions-0.4.3-py2.py3-none-any.whl (4.5 kB)
Collecting pathspec>=0.9.0
  Using cached pathspec-0.10.1-py3-none-any.whl (27 kB)
Collecting typing-extensions>=3.10.0.0
  Using cached typing_extensions-4.3.0-py3-none-any.whl (25 kB)
Collecting pyflakes<2.6.0,>=2.5.0
  Using cached pyflakes-2.5.0-py2.py3-none-any.whl (66 kB)
Collecting mccabe<0.8.0,>=0.7.0
  Using cached mccabe-0.7.0-py2.py3-none-any.whl (7.3 kB)
Collecting pycodestyle<2.10.0,>=2.9.0
  Using cached pycodestyle-2.9.1-py2.py3-none-any.whl (41 kB)
Collecting bandit>=1.7.3
  Using cached bandit-1.7.4-py3-none-any.whl (118 kB)
Collecting attrs>=19.2.0
  Using cached attrs-22.1.0-py2.py3-none-any.whl (58 kB)
Requirement already satisfied: setuptools in /Users/imanmuse/miniconda3/envs/ahl_health_apps_analysis/lib/python3.8/site-packages (from flake8-import-order->ahl-health-apps-analysis==0.1.0) (63.4.1)
Collecting debugpy>=1.0
  Using cached debugpy-1.6.3-cp38-cp38-macosx_10_15_x86_64.whl (1.7 MB)
Collecting nest-asyncio
  Using cached nest_asyncio-1.5.5-py3-none-any.whl (5.2 kB)
Collecting ipython>=7.23.1
  Using cached ipython-8.5.0-py3-none-any.whl (752 kB)
Collecting pyzmq>=17
  Using cached pyzmq-24.0.1-cp38-cp38-macosx_10_15_universal2.whl (1.8 MB)
Collecting tornado>=6.1
  Using cached tornado-6.2-cp37-abi3-macosx_10_9_x86_64.whl (419 kB)
Collecting traitlets>=5.1.0
  Using cached traitlets-5.4.0-py3-none-any.whl (107 kB)
Collecting jupyter-client>=6.1.12
  Using cached jupyter_client-7.3.5-py3-none-any.whl (132 kB)
Collecting packaging
  Using cached packaging-21.3-py3-none-any.whl (40 kB)
Collecting matplotlib-inline>=0.1
  Using cached matplotlib_inline-0.1.6-py3-none-any.whl (9.4 kB)
Collecting psutil
  Using cached psutil-5.9.2-cp38-cp38-macosx_10_9_x86_64.whl (239 kB)
Collecting appnope
  Using cached appnope-0.1.3-py2.py3-none-any.whl (4.4 kB)
Collecting nbformat
  Using cached nbformat-5.6.1-py3-none-any.whl (77 kB)
Collecting toml
  Using cached toml-0.10.2-py2.py3-none-any.whl (16 kB)
Collecting mdit-py-plugins
  Using cached mdit_py_plugins-0.3.1-py3-none-any.whl (46 kB)
Collecting markdown-it-py<3.0.0,>=1.0.0
  Using cached markdown_it_py-2.1.0-py3-none-any.whl (84 kB)
Collecting fonttools>=4.22.0
  Using cached fonttools-4.37.3-py3-none-any.whl (959 kB)
Collecting pyparsing>=2.2.1
  Using cached pyparsing-3.0.9-py3-none-any.whl (98 kB)
Collecting pillow>=6.2.0
  Using cached Pillow-9.2.0-cp38-cp38-macosx_10_10_x86_64.whl (3.1 MB)
Collecting kiwisolver>=1.0.1
  Using cached kiwisolver-1.4.4-cp38-cp38-macosx_10_9_x86_64.whl (65 kB)
Collecting contourpy>=1.0.1
  Using cached contourpy-1.0.5-cp38-cp38-macosx_10_9_x86_64.whl (241 kB)
Collecting cycler>=0.10
  Using cached cycler-0.11.0-py3-none-any.whl (6.4 kB)
Collecting virtualenv>=20.0.8
  Using cached virtualenv-20.16.5-py3-none-any.whl (8.8 MB)
Collecting identify>=1.0.0
  Using cached identify-2.5.5-py2.py3-none-any.whl (98 kB)
Collecting nodeenv>=0.11.1
  Using cached nodeenv-1.7.0-py2.py3-none-any.whl (21 kB)
Collecting cfgv>=2.0.0
  Using cached cfgv-3.3.1-py2.py3-none-any.whl (7.3 kB)
Collecting ruamel.yaml>=0.15
  Using cached ruamel.yaml-0.17.21-py3-none-any.whl (109 kB)
Collecting py>=1.8.2
  Using cached py-1.11.0-py2.py3-none-any.whl (98 kB)
Collecting iniconfig
  Using cached iniconfig-1.1.1-py2.py3-none-any.whl (5.0 kB)
Collecting pluggy<2.0,>=0.12
  Using cached pluggy-1.0.0-py2.py3-none-any.whl (13 kB)
Collecting sphinxcontrib-htmlhelp>=2.0.0
  Using cached sphinxcontrib_htmlhelp-2.0.0-py2.py3-none-any.whl (100 kB)
Collecting babel>=2.9
  Using cached Babel-2.10.3-py3-none-any.whl (9.5 MB)
Collecting sphinxcontrib-serializinghtml>=1.1.5
  Using cached sphinxcontrib_serializinghtml-1.1.5-py2.py3-none-any.whl (94 kB)
Collecting sphinxcontrib-jsmath
  Using cached sphinxcontrib_jsmath-1.0.1-py2.py3-none-any.whl (5.1 kB)
Collecting sphinxcontrib-qthelp
  Using cached sphinxcontrib_qthelp-1.0.3-py2.py3-none-any.whl (90 kB)
Collecting alabaster<0.8,>=0.7
  Using cached alabaster-0.7.12-py2.py3-none-any.whl (14 kB)
Collecting sphinxcontrib-applehelp
  Using cached sphinxcontrib_applehelp-1.0.2-py2.py3-none-any.whl (121 kB)
Collecting Pygments>=2.12
  Using cached Pygments-2.13.0-py3-none-any.whl (1.1 MB)
Collecting importlib-metadata>=4.8
  Using cached importlib_metadata-4.12.0-py3-none-any.whl (21 kB)
Collecting imagesize>=1.3
  Using cached imagesize-1.4.1-py2.py3-none-any.whl (8.8 kB)
Collecting snowballstemmer>=2.0
  Using cached snowballstemmer-2.2.0-py2.py3-none-any.whl (93 kB)
Collecting requests>=2.5.0
  Using cached requests-2.28.1-py3-none-any.whl (62 kB)
Collecting sphinxcontrib-devhelp
  Using cached sphinxcontrib_devhelp-1.0.2-py2.py3-none-any.whl (84 kB)
Collecting pockets>=0.3
  Using cached pockets-0.9.1-py2.py3-none-any.whl (26 kB)
Collecting six>=1.5.2
  Using cached six-1.16.0-py2.py3-none-any.whl (11 kB)
Collecting GitPython>=1.0.1
  Using cached GitPython-3.1.27-py3-none-any.whl (181 kB)
Collecting stevedore>=1.20.0
  Using cached stevedore-4.0.0-py3-none-any.whl (49 kB)
Collecting zipp>=0.5
  Using cached zipp-3.8.1-py3-none-any.whl (5.6 kB)
Collecting pickleshare
  Using cached pickleshare-0.7.5-py2.py3-none-any.whl (6.9 kB)
Collecting pexpect>4.3
  Using cached pexpect-4.8.0-py2.py3-none-any.whl (59 kB)
Collecting stack-data
  Using cached stack_data-0.5.1-py3-none-any.whl (24 kB)
Collecting backcall
  Using cached backcall-0.2.0-py2.py3-none-any.whl (11 kB)
Collecting decorator
  Using cached decorator-5.1.1-py3-none-any.whl (9.1 kB)
Collecting prompt-toolkit<3.1.0,>3.0.1
  Using cached prompt_toolkit-3.0.31-py3-none-any.whl (382 kB)
Collecting jedi>=0.16
  Using cached jedi-0.18.1-py2.py3-none-any.whl (1.6 MB)
Collecting MarkupSafe>=2.0
  Using cached MarkupSafe-2.1.1-cp38-cp38-macosx_10_9_x86_64.whl (13 kB)
Collecting pkgutil-resolve-name>=1.3.10
  Using cached pkgutil_resolve_name-1.3.10-py3-none-any.whl (4.7 kB)
Collecting importlib-resources>=1.4.0
  Using cached importlib_resources-5.9.0-py3-none-any.whl (33 kB)
Collecting pyrsistent!=0.17.0,!=0.17.1,!=0.17.2,>=0.14.0
  Using cached pyrsistent-0.18.1-cp38-cp38-macosx_10_9_universal2.whl (81 kB)
Collecting jupyter-core>=4.9.2
  Using cached jupyter_core-4.11.1-py3-none-any.whl (88 kB)
Collecting mdurl~=0.1
  Using cached mdurl-0.1.2-py3-none-any.whl (10.0 kB)
Collecting charset-normalizer<3,>=2
  Using cached charset_normalizer-2.1.1-py3-none-any.whl (39 kB)
Collecting idna<4,>=2.5
  Using cached idna-3.4-py3-none-any.whl (61 kB)
Requirement already satisfied: certifi>=2017.4.17 in /Users/imanmuse/miniconda3/envs/ahl_health_apps_analysis/lib/python3.8/site-packages (from requests>=2.5.0->Sphinx->ahl-health-apps-analysis==0.1.0) (2022.9.14)
Collecting pyasn1>=0.1.3
  Using cached pyasn1-0.4.8-py2.py3-none-any.whl (77 kB)
Collecting ruamel.yaml.clib>=0.2.6
  Using cached ruamel.yaml.clib-0.2.6-cp38-cp38-macosx_10_9_x86_64.whl (142 kB)
Collecting distlib<1,>=0.3.5
  Using cached distlib-0.3.6-py2.py3-none-any.whl (468 kB)
Collecting fastjsonschema
  Using cached fastjsonschema-2.16.2-py3-none-any.whl (22 kB)
Collecting gitdb<5,>=4.0.1
  Using cached gitdb-4.0.9-py3-none-any.whl (63 kB)
Collecting parso<0.9.0,>=0.8.0
  Using cached parso-0.8.3-py2.py3-none-any.whl (100 kB)
Collecting ptyprocess>=0.5
  Using cached ptyprocess-0.7.0-py2.py3-none-any.whl (13 kB)
Collecting wcwidth
  Using cached wcwidth-0.2.5-py2.py3-none-any.whl (30 kB)
Collecting pbr!=2.1.0,>=2.0.0
  Using cached pbr-5.10.0-py2.py3-none-any.whl (112 kB)
Collecting pure-eval
  Using cached pure_eval-0.2.2-py3-none-any.whl (11 kB)
Collecting executing
  Using cached executing-1.1.0-py2.py3-none-any.whl (22 kB)
Collecting asttokens
  Using cached asttokens-2.0.8-py2.py3-none-any.whl (23 kB)
Collecting smmap<6,>=3.0.1
  Using cached smmap-5.0.0-py3-none-any.whl (24 kB)
Installing collected packages: wcwidth, snowballstemmer, sh, pytz, pyasn1, pure-eval, ptyprocess, pickleshare, mypy-extensions, iniconfig, fastjsonschema, executing, distlib, backcall, appnope, alabaster, zipp, urllib3, typing-extensions, traitlets, tqdm, tornado, toolz, tomli, toml, sphinxcontrib-serializinghtml, sphinxcontrib-qthelp, sphinxcontrib-jsmath, sphinxcontrib-htmlhelp, sphinxcontrib-devhelp, sphinxcontrib-applehelp, smmap, six, ruamel.yaml.clib, rsa, pyzmq, PyYAML, pyrsistent, pyparsing, Pygments, pyflakes, pycodestyle, py, psutil, prompt-toolkit, pluggy, platformdirs, pkgutil-resolve-name, pillow, pexpect, pbr, pathspec, parso, numpy, nodeenv, nest-asyncio, mdurl, mccabe, MarkupSafe, kiwisolver, jmespath, imagesize, idna, identify, fonttools, filelock, entrypoints, docutils, decorator, debugpy, cycler, colorama, click, charset-normalizer, cfgv, babel, attrs, virtualenv, typer, stevedore, scipy, ruamel.yaml, requests, python-dateutil, pockets, packaging, matplotlib-inline, markdown-it-py, jupyter-core, jinja2, jedi, importlib-resources, importlib-metadata, gitdb, flake8-import-order, flake8, contourpy, black, asttokens, stack-data, sphinxcontrib-napoleon, Sphinx, pytest, pre-commit-hooks, pre-commit, pandas, mdit-py-plugins, matplotlib, jupyter-client, jsonschema, GitPython, flake8-bugbear, flake8-black, botocore, sphinx-rtd-theme, s3transfer, nbformat, ipython, bandit, altair, jupytext, ipykernel, flake8-bandit, awscli, ahl-health-apps-analysis
  Running setup.py develop for ahl-health-apps-analysis
Successfully installed GitPython-3.1.27 MarkupSafe-2.1.1 PyYAML-5.4.1 Pygments-2.13.0 Sphinx-5.2.2 ahl-health-apps-analysis-0.1.0 alabaster-0.7.12 altair-4.2.0 appnope-0.1.3 asttokens-2.0.8 attrs-22.1.0 awscli-1.25.83 babel-2.10.3 backcall-0.2.0 bandit-1.7.4 black-22.8.0 botocore-1.27.82 cfgv-3.3.1 charset-normalizer-2.1.1 click-8.1.3 colorama-0.4.4 contourpy-1.0.5 cycler-0.11.0 debugpy-1.6.3 decorator-5.1.1 distlib-0.3.6 docutils-0.16 entrypoints-0.4 executing-1.1.0 fastjsonschema-2.16.2 filelock-3.8.0 flake8-5.0.4 flake8-bandit-4.1.1 flake8-black-0.3.3 flake8-bugbear-22.9.23 flake8-import-order-0.18.1 fonttools-4.37.3 gitdb-4.0.9 identify-2.5.5 idna-3.4 imagesize-1.4.1 importlib-metadata-4.12.0 importlib-resources-5.9.0 iniconfig-1.1.1 ipykernel-6.16.0 ipython-8.5.0 jedi-0.18.1 jinja2-3.1.2 jmespath-1.0.1 jsonschema-4.16.0 jupyter-client-7.3.5 jupyter-core-4.11.1 jupytext-1.14.1 kiwisolver-1.4.4 markdown-it-py-2.1.0 matplotlib-3.6.0 matplotlib-inline-0.1.6 mccabe-0.7.0 mdit-py-plugins-0.3.1 mdurl-0.1.2 mypy-extensions-0.4.3 nbformat-5.6.1 nest-asyncio-1.5.5 nodeenv-1.7.0 numpy-1.23.3 packaging-21.3 pandas-1.5.0 parso-0.8.3 pathspec-0.10.1 pbr-5.10.0 pexpect-4.8.0 pickleshare-0.7.5 pillow-9.2.0 pkgutil-resolve-name-1.3.10 platformdirs-2.5.2 pluggy-1.0.0 pockets-0.9.1 pre-commit-2.20.0 pre-commit-hooks-4.3.0 prompt-toolkit-3.0.31 psutil-5.9.2 ptyprocess-0.7.0 pure-eval-0.2.2 py-1.11.0 pyasn1-0.4.8 pycodestyle-2.9.1 pyflakes-2.5.0 pyparsing-3.0.9 pyrsistent-0.18.1 pytest-7.1.3 python-dateutil-2.8.2 pytz-2022.2.1 pyzmq-24.0.1 requests-2.28.1 rsa-4.7.2 ruamel.yaml-0.17.21 ruamel.yaml.clib-0.2.6 s3transfer-0.6.0 scipy-1.9.1 sh-1.14.3 six-1.16.0 smmap-5.0.0 snowballstemmer-2.2.0 sphinx-rtd-theme-1.0.0 sphinxcontrib-applehelp-1.0.2 sphinxcontrib-devhelp-1.0.2 sphinxcontrib-htmlhelp-2.0.0 sphinxcontrib-jsmath-1.0.1 sphinxcontrib-napoleon-0.7 sphinxcontrib-qthelp-1.0.3 sphinxcontrib-serializinghtml-1.1.5 stack-data-0.5.1 stevedore-4.0.0 toml-0.10.2 tomli-2.0.1 toolz-0.12.0 tornado-6.2 tqdm-4.64.1 traitlets-5.4.0 typer-0.6.1 typing-extensions-4.3.0 urllib3-1.26.12 virtualenv-20.16.5 wcwidth-0.2.5 zipp-3.8.1
